Drill report for DC motor speed controller.kicad_pcb
Created on 2025-11-05T10:06:08+0530

Copper Layer Stackup:
    =============================================================
    L1 :  F.Cu                      front
    L2 :  B.Cu                      back


Drill file 'DC motor speed controller-PTH.drl' contains
    plated through holes:
    =============================================================
    T1  0.700mm  0.0276"  (6 holes)
    T2  0.800mm  0.0315"  (12 holes)
    T3  0.900mm  0.0354"  (2 holes)
    T4  1.000mm  0.0394"  (2 holes)
    T5  1.100mm  0.0433"  (9 holes)
    T6  1.200mm  0.0472"  (3 holes)
    T7  1.300mm  0.0512"  (4 holes)
    T8  2.200mm  0.0866"  (4 holes)

    Total plated holes count 42


Drill file 'DC motor speed controller-NPTH.drl' contains
    unplated through holes:
    =============================================================

    Total unplated holes count 0
